17:01:20: Creating resource group General
17:01:20: Creating resource group Internal
17:01:20: Creating resource group Autodetect
17:01:20: SceneManagerFactory for type 'DefaultSceneManager' registered.
17:01:20: Registering ResourceManager for type Material
17:01:20: Registering ResourceManager for type Mesh
17:01:20: Registering ResourceManager for type Skeleton
17:01:20: MovableObjectFactory for type 'ParticleSystem' registered.
17:01:20: OverlayElementFactory for type Panel registered.
17:01:20: OverlayElementFactory for type BorderPanel registered.
17:01:20: OverlayElementFactory for type TextArea registered.
17:01:20: Registering ResourceManager for type Font
17:01:20: ArchiveFactory for archive type FileSystem registered.
17:01:20: ArchiveFactory for archive type Zip registered.
17:01:20: FreeImage version: 3.9.2
17:01:20: This program uses FreeImage, a free, open source image library supporting all common bitmap formats. See http://freeimage.sourceforge.net for details
17:01:20: Supported formats: bmp,ico,jpg,jif,jpeg,jpe,jng,koa,iff,lbm,mng,pbm,pbm,pcd,pcx,pgm,pgm,png,ppm,ppm,ras,tga,targa,tif,tiff,wap,wbmp,wbm,psd,cut,xbm,xpm,gif,hdr,g3,sgi
17:01:20: DDS codec registering
17:01:20: Registering ResourceManager for type HighLevelGpuProgram
17:01:20: Registering ResourceManager for type Compositor
17:01:20: MovableObjectFactory for type 'Entity' registered.
17:01:20: MovableObjectFactory for type 'Light' registered.
17:01:20: MovableObjectFactory for type 'BillboardSet' registered.
17:01:20: MovableObjectFactory for type 'ManualObject' registered.
17:01:20: MovableObjectFactory for type 'BillboardChain' registered.
17:01:20: MovableObjectFactory for type 'RibbonTrail' registered.
17:01:20: Loading library .\RenderSystem_Direct3D9
17:01:20: Installing plugin: D3D9 RenderSystem
17:01:20: D3D9 : Direct3D9 Rendering Subsystem created.
17:01:21: D3D9: Driver Detection Starts
17:01:21: D3D9: Driver Detection Ends
17:01:21: Plugin successfully installed
17:01:21: Loading library .\RenderSystem_GL
17:01:21: Installing plugin: GL RenderSystem
17:01:21: OpenGL Rendering Subsystem created.
17:01:21: Plugin successfully installed
17:01:21: Loading library .\Plugin_ParticleFX
17:01:21: Installing plugin: ParticleFX
17:01:21: Particle Emitter Type 'Point' registered
17:01:21: Particle Emitter Type 'Box' registered
17:01:21: Particle Emitter Type 'Ellipsoid' registered
17:01:21: Particle Emitter Type 'Cylinder' registered
17:01:21: Particle Emitter Type 'Ring' registered
17:01:21: Particle Emitter Type 'HollowEllipsoid' registered
17:01:21: Particle Affector Type 'LinearForce' registered
17:01:21: Particle Affector Type 'ColourFader' registered
17:01:21: Particle Affector Type 'ColourFader2' registered
17:01:21: Particle Affector Type 'ColourImage' registered
17:01:21: Particle Affector Type 'ColourInterpolator' registered
17:01:21: Particle Affector Type 'Scaler' registered
17:01:21: Particle Affector Type 'Rotator' registered
17:01:21: Particle Affector Type 'DirectionRandomiser' registered
17:01:21: Particle Affector Type 'DeflectorPlane' registered
17:01:21: Plugin successfully installed
17:01:21: Loading library .\Plugin_BSPSceneManager
17:01:21: Installing plugin: BSP Scene Manager
17:01:21: Plugin successfully installed
17:01:21: Loading library .\Plugin_OctreeSceneManager
17:01:21: Installing plugin: Octree & Terrain Scene Manager
17:01:21: Plugin successfully installed
17:01:21: Loading library .\Plugin_CgProgramManager
17:01:21: Installing plugin: Cg Program Manager
17:01:21: Plugin successfully installed
17:01:21: *-*-* OGRE Initialising
17:01:21: *-*-* Version 1.4.5 (Eihort)
17:01:21: Creating resource group Bootstrap
17:01:21: Added resource location '../../media/packs/OgreCore.zip' of type 'Zip' to resource group 'Bootstrap'
17:01:21: Added resource location '../../media' of type 'FileSystem' to resource group 'General'
17:01:21: Added resource location '../../media/fonts' of type 'FileSystem' to resource group 'General'
17:01:21: Added resource location '../../media/materials/scripts' of type 'FileSystem' to resource group 'General'
17:01:21: Added resource location '../../media/materials/textures' of type 'FileSystem' to resource group 'General'
17:01:21: Added resource location '../../media/models' of type 'FileSystem' to resource group 'General'
17:01:21: Added resource location '../../media/gui' of type 'FileSystem' to resource group 'General'
17:01:21: Added resource location '../../media/packs/cubemap.zip' of type 'Zip' to resource group 'General'
17:01:21: Added resource location '../../media/packs/skybox.zip' of type 'Zip' to resource group 'General'
17:01:21: D3D9 : RenderSystem Option: Allow NVPerfHUD = No
17:01:21: D3D9 : RenderSystem Option: Anti aliasing = Level 6
17:01:21: D3D9 : RenderSystem Option: Floating-point mode = Consistent
17:01:21: D3D9 : RenderSystem Option: Full Screen = Yes
17:01:21: D3D9 : RenderSystem Option: Rendering Device = ATI Mobility Radeon X1400
17:01:21: D3D9 : RenderSystem Option: VSync = Yes
17:01:21: D3D9 : RenderSystem Option: Video Mode = 1400 x 1050 @ 32-bit colour
17:01:21: CPU Identifier & Features
17:01:21: -------------------------
17:01:21:  *   CPU ID: GenuineIntel: Genuine Intel(R) CPU           T2500  @ 2.00GHz
17:01:21:  *      SSE: yes
17:01:21:  *     SSE2: yes
17:01:21:  *     SSE3: yes
17:01:21:  *      MMX: yes
17:01:21:  *   MMXEXT: yes
17:01:21:  *    3DNOW: no
17:01:21:  * 3DNOWEXT: no
17:01:21:  *     CMOV: yes
17:01:21:  *      TSC: yes
17:01:21:  *      FPU: yes
17:01:21:  *      PRO: yes
17:01:21:  *       HT: no
17:01:21: -------------------------
17:01:21: D3D9 : Subsystem Initialising
17:01:21: D3D9RenderSystem::createRenderWindow "OGRE Render Window", 1400x1050 fullscreen  miscParams: FSAA=6 FSAAQuality=0 colourDepth=32 useNVPerfHUD=false vsync=true 
17:01:21: D3D9 : Created D3D9 Rendering Window 'OGRE Render Window' : 1400x1050, 32bpp
17:01:21: Registering ResourceManager for type Texture
17:01:21: Registering ResourceManager for type GpuProgram
17:01:21: RenderSystem capabilities
17:01:21: -------------------------
17:01:21:  * Hardware generation of mipmaps: yes
17:01:21:  * Texture blending: yes
17:01:21:  * Anisotropic texture filtering: yes
17:01:21:  * Dot product texture operation: yes
17:01:21:  * Cube mapping: yes
17:01:21:  * Hardware stencil buffer: yes
17:01:21:    - Stencil depth: 8
17:01:21:    - Two sided stencil support: yes
17:01:21:    - Wrap stencil values: yes
17:01:21:  * Hardware vertex / index buffers: yes
17:01:21:  * Vertex programs: yes
17:01:21:    - Max vertex program version: vs_3_0
17:01:21:  * Fragment programs: yes
17:01:21:    - Max fragment program version: ps_3_0
17:01:21:  * Texture Compression: yes
17:01:21:    - DXT: yes
17:01:21:    - VTC: no
17:01:21:  * Scissor Rectangle: yes
17:01:21:  * Hardware Occlusion Query: yes
17:01:21:  * User clip planes: yes
17:01:21:  * VET_UBYTE4 vertex element type: yes
17:01:21:  * Infinite far plane projection: yes
17:01:21:  * Hardware render-to-texture: yes
17:01:21:  * Floating point textures: yes
17:01:21:  * Non-power-of-two textures: yes (limited)
17:01:21:  * Volume textures: yes
17:01:21:  * Multiple Render Targets: 4
17:01:21:  * Point Sprites: yes
17:01:21:  * Extended point parameters: yes
17:01:21:  * Max Point Size: 256
17:01:21:  * Vertex texture fetch: no
17:01:21: ***************************************
17:01:21: *** D3D9 : Subsystem Initialised OK ***
17:01:21: ***************************************
17:01:21: ResourceBackgroundQueue - threading disabled
17:01:21: Particle Renderer Type 'billboard' registered
17:01:21: SceneManagerFactory for type 'BspSceneManager' registered.
17:01:21: Registering ResourceManager for type BspLevel
17:01:21: SceneManagerFactory for type 'OctreeSceneManager' registered.
17:01:21: SceneManagerFactory for type 'TerrainSceneManager' registered.
17:01:21: Parsing scripts for resource group Autodetect
17:01:21: Finished parsing scripts for resource group Autodetect
17:01:21: Parsing scripts for resource group Bootstrap
17:01:21: Parsing script OgreCore.material
17:01:21: Parsing script OgreProfiler.material
17:01:21: Parsing script Ogre.fontdef
17:01:21: Parsing script OgreDebugPanel.overlay
17:01:21: Texture: New_Ogre_Border_Center.png: Loading 1 faces(PF_A8R8G8B8,256x128x1) with  hardware generated mipmaps from Image. Internal format is PF_A8R8G8B8,256x128x1.
17:01:21: Texture: New_Ogre_Border.png: Loading 1 faces(PF_A8R8G8B8,256x256x1) with  hardware generated mipmaps from Image. Internal format is PF_A8R8G8B8,256x256x1.
17:01:21: Texture: New_Ogre_Border_Break.png: Loading 1 faces(PF_A8R8G8B8,32x32x1) with  hardware generated mipmaps from Image. Internal format is PF_A8R8G8B8,32x32x1.
17:01:21: Font BlueHighwayusing texture size 512x512
17:01:21: Info: Freetype returned null for character 127 in font BlueHighway
17:01:21: Info: Freetype returned null for character 128 in font BlueHighway
17:01:21: Info: Freetype returned null for character 129 in font BlueHighway
17:01:21: Info: Freetype returned null for character 130 in font BlueHighway
17:01:21: Info: Freetype returned null for character 131 in font BlueHighway
17:01:21: Info: Freetype returned null for character 132 in font BlueHighway
17:01:21: Info: Freetype returned null for character 133 in font BlueHighway
17:01:21: Info: Freetype returned null for character 134 in font BlueHighway
17:01:21: Info: Freetype returned null for character 135 in font BlueHighway
17:01:21: Info: Freetype returned null for character 136 in font BlueHighway
17:01:21: Info: Freetype returned null for character 137 in font BlueHighway
17:01:21: Info: Freetype returned null for character 138 in font BlueHighway
17:01:21: Info: Freetype returned null for character 139 in font BlueHighway
17:01:21: Info: Freetype returned null for character 140 in font BlueHighway
17:01:21: Info: Freetype returned null for character 141 in font BlueHighway
17:01:21: Info: Freetype returned null for character 142 in font BlueHighway
17:01:21: Info: Freetype returned null for character 143 in font BlueHighway
17:01:21: Info: Freetype returned null for character 144 in font BlueHighway
17:01:21: Info: Freetype returned null for character 145 in font BlueHighway
17:01:21: Info: Freetype returned null for character 146 in font BlueHighway
17:01:21: Info: Freetype returned null for character 147 in font BlueHighway
17:01:21: Info: Freetype returned null for character 148 in font BlueHighway
17:01:21: Info: Freetype returned null for character 149 in font BlueHighway
17:01:21: Info: Freetype returned null for character 150 in font BlueHighway
17:01:21: Info: Freetype returned null for character 151 in font BlueHighway
17:01:21: Info: Freetype returned null for character 152 in font BlueHighway
17:01:21: Info: Freetype returned null for character 153 in font BlueHighway
17:01:21: Info: Freetype returned null for character 154 in font BlueHighway
17:01:21: Info: Freetype returned null for character 155 in font BlueHighway
17:01:21: Info: Freetype returned null for character 156 in font BlueHighway
17:01:21: Info: Freetype returned null for character 157 in font BlueHighway
17:01:21: Info: Freetype returned null for character 158 in font BlueHighway
17:01:21: Info: Freetype returned null for character 159 in font BlueHighway
17:01:21: Info: Freetype returned null for character 160 in font BlueHighway
17:01:21: Texture: BlueHighwayTexture: Loading 1 faces(PF_BYTE_LA,512x512x1) with 0 generated mipmaps from Image. Internal format is PF_BYTE_LA,512x512x1.
17:01:21: Texture: ogretext.png: Loading 1 faces(PF_A8R8G8B8,256x128x1) with  hardware generated mipmaps from Image. Internal format is PF_A8R8G8B8,256x128x1.
17:01:21: Parsing script OgreLoadingPanel.overlay
17:01:21: Finished parsing scripts for resource group Bootstrap
17:01:21: Parsing scripts for resource group General
17:01:21: Parsing script Examples.program
17:01:21: OGRE EXCEPTION(6:FileNotFoundException): Cannot locate resource Example_Basic.cg in resource group General or any other group. in ResourceGroupManager::openResource at ..\src\OgreResourceGroupManager.cpp (line 604)
17:01:21: High-level program Ogre/BasicVertexPrograms/AmbientOneTexture encountered an error during loading and is thus not supported.
OGRE EXCEPTION(6:FileNotFoundException): Cannot locate resource Example_Basic.cg in resource group General or any other group. in ResourceGroupManager::openResource at ..\src\OgreResourceGroupManager.cpp (line 604)
17:01:21: OGRE EXCEPTION(6:FileNotFoundException): Cannot locate resource Example_Basic.hlsl in resource group General or any other group. in ResourceGroupManager::openResource at ..\src\OgreResourceGroupManager.cpp (line 604)
17:01:21: High-level program Ogre/BasicVertexPrograms/AmbientOneTextureHLSL encountered an error during loading and is thus not supported.
OGRE EXCEPTION(6:FileNotFoundException): Cannot locate resource Example_Basic.hlsl in resource group General or any other group. in ResourceGroupManager::openResource at ..\src\OgreResourceGroupManager.cpp (line 604)
17:01:21: OGRE EXCEPTION(6:FileNotFoundException): Cannot locate resource Example_Basic.cg in resource group General or any other group. in ResourceGroupManager::openResource at ..\src\OgreResourceGroupManager.cpp (line 604)
17:01:21: High-level program Ogre/HardwareSkinningTwoWeightsCg encountered an error during loading and is thus not supported.
OGRE EXCEPTION(6:FileNotFoundException): Cannot locate resource Example_Basic.cg in resource group General or any other group. in ResourceGroupManager::openResource at ..\src\OgreResourceGroupManager.cpp (line 604)
17:01:21: OGRE EXCEPTION(2:InvalidParametersException): This params object is not based on a program with named parameters. in GpuProgramParameters::getConstantDefinitionIterator at ..\src\OgreGpuProgram.cpp (line 854)
17:01:21: Error at line 118 of Examples.program: Invalid param_named_auto attribute - This params object is not based on a program with named parameters.
17:01:21: OGRE EXCEPTION(2:InvalidParametersException): This params object is not based on a program with named parameters. in GpuProgramParameters::getConstantDefinitionIterator at ..\src\OgreGpuProgram.cpp (line 854)
17:01:21: Error at line 118 of Examples.program: Invalid param_named_auto attribute - This params object is not based on a program with named parameters.
17:01:21: OGRE EXCEPTION(2:InvalidParametersException): This params object is not based on a program with named parameters. in GpuProgramParameters::getConstantDefinitionIterator at ..\src\OgreGpuProgram.cpp (line 854)
17:01:21: Error at line 118 of Examples.program: Invalid param_named_auto attribute - This params object is not based on a program with named parameters.
17:01:21: OGRE EXCEPTION(2:InvalidParametersException): This params object is not based on a program with named parameters. in GpuProgramParameters::getConstantDefinitionIterator at ..\src\OgreGpuProgram.cpp (line 854)
17:01:21: Error at line 118 of Examples.program: Invalid param_named_auto attribute - This params object is not based on a program with named parameters.
17:01:21: OGRE EXCEPTION(2:InvalidParametersException): This params object is not based on a program with named parameters. in GpuProgramParameters::getConstantDefinitionIterator at ..\src\OgreGpuProgram.cpp (line 854)
17:01:21: Error at line 118 of Examples.program: Invalid param_named_auto attribute - This params object is not based on a program with named parameters.
17:01:21: OGRE EXCEPTION(2:InvalidParametersException): This params object is not based on a program with named parameters. in GpuProgramParameters::getConstantDefinitionIterator at ..\src\OgreGpuProgram.cpp (line 854)
17:01:21: Error at line 118 of Examples.program: Invalid param_named_auto attribute - This params object is not based on a program with named parameters.
17:01:21: OGRE EXCEPTION(6:FileNotFoundException): Cannot locate resource Example_Basic.cg in resource group General or any other group. in ResourceGroupManager::openResource at ..\src\OgreResourceGroupManager.cpp (line 604)
17:01:21: High-level program Ogre/HardwareMorphAnimation encountered an error during loading and is thus not supported.
OGRE EXCEPTION(6:FileNotFoundException): Cannot locate resource Example_Basic.cg in resource group General or any other group. in ResourceGroupManager::openResource at ..\src\OgreResourceGroupManager.cpp (line 604)
17:01:21: OGRE EXCEPTION(6:FileNotFoundException): Cannot locate resource Example_Basic.cg in resource group General or any other group. in ResourceGroupManager::openResource at ..\src\OgreResourceGroupManager.cpp (line 604)
17:01:21: High-level program Ogre/HardwarePoseAnimation encountered an error during loading and is thus not supported.
OGRE EXCEPTION(6:FileNotFoundException): Cannot locate resource Example_Basic.cg in resource group General or any other group. in ResourceGroupManager::openResource at ..\src\OgreResourceGroupManager.cpp (line 604)
17:01:21: Parsing script Example.material
17:01:21: OGRE EXCEPTION(6:FileNotFoundException): Cannot locate resource hdr.cg in resource group General or any other group. in ResourceGroupManager::openResource at ..\src\OgreResourceGroupManager.cpp (line 604)
17:01:21: High-level program Examples/MorningSkyBoxHDRfp encountered an error during loading and is thus not supported.
OGRE EXCEPTION(6:FileNotFoundException): Cannot locate resource hdr.cg in resource group General or any other group. in ResourceGroupManager::openResource at ..\src\OgreResourceGroupManager.cpp (line 604)
17:01:21: OGRE EXCEPTION(6:FileNotFoundException): Cannot locate resource hdr.cg in resource group General or any other group. in ResourceGroupManager::openResource at ..\src\OgreResourceGroupManager.cpp (line 604)
17:01:21: High-level program Examples/MorningCubeMapHDRfp encountered an error during loading and is thus not supported.
OGRE EXCEPTION(6:FileNotFoundException): Cannot locate resource hdr.cg in resource group General or any other group. in ResourceGroupManager::openResource at ..\src\OgreResourceGroupManager.cpp (line 604)
17:01:21: OGRE EXCEPTION(6:FileNotFoundException): Cannot locate resource Example_Basic.cg in resource group General or any other group. in ResourceGroupManager::openResource at ..\src\OgreResourceGroupManager.cpp (line 604)
17:01:21: High-level program Ogre/HardwareSkinningOneWeight encountered an error during loading and is thus not supported.
OGRE EXCEPTION(6:FileNotFoundException): Cannot locate resource Example_Basic.cg in resource group General or any other group. in ResourceGroupManager::openResource at ..\src\OgreResourceGroupManager.cpp (line 604)
17:01:21: OGRE EXCEPTION(6:FileNotFoundException): Cannot locate resource Example_Basic.cg in resource group General or any other group. in ResourceGroupManager::openResource at ..\src\OgreResourceGroupManager.cpp (line 604)
17:01:21: High-level program Ogre/HardwareSkinningOneWeightShadowCaster encountered an error during loading and is thus not supported.
OGRE EXCEPTION(6:FileNotFoundException): Cannot locate resource Example_Basic.cg in resource group General or any other group. in ResourceGroupManager::openResource at ..\src\OgreResourceGroupManager.cpp (line 604)
17:01:21: OGRE EXCEPTION(6:FileNotFoundException): Cannot locate resource Grass.cg in resource group General or any other group. in ResourceGroupManager::openResource at ..\src\OgreResourceGroupManager.cpp (line 604)
17:01:21: High-level program Examples/GrassWaverVp encountered an error during loading and is thus not supported.
OGRE EXCEPTION(6:FileNotFoundException): Cannot locate resource Grass.cg in resource group General or any other group. in ResourceGroupManager::openResource at ..\src\OgreResourceGroupManager.cpp (line 604)
17:01:21: OGRE EXCEPTION(6:FileNotFoundException): Cannot locate resource Example_Basic.cg in resource group General or any other group. in ResourceGroupManager::openResource at ..\src\OgreResourceGroupManager.cpp (line 604)
17:01:21: High-level program Ogre/HardwareSkinningTwoWeightsShadowCasterCg encountered an error during loading and is thus not supported.
OGRE EXCEPTION(6:FileNotFoundException): Cannot locate resource Example_Basic.cg in resource group General or any other group. in ResourceGroupManager::openResource at ..\src\OgreResourceGroupManager.cpp (line 604)
17:01:21: OGRE EXCEPTION(2:InvalidParametersException): This params object is not based on a program with named parameters. in GpuProgramParameters::getConstantDefinitionIterator at ..\src\OgreGpuProgram.cpp (line 854)
17:01:21: Error in material jaiqua at line 994 of Example.material: Invalid param_named_auto attribute - This params object is not based on a program with named parameters.
17:01:21: OGRE EXCEPTION(2:InvalidParametersException): This params object is not based on a program with named parameters. in GpuProgramParameters::getConstantDefinitionIterator at ..\src\OgreGpuProgram.cpp (line 854)
17:01:21: Error in material jaiqua at line 995 of Example.material: Invalid param_named_auto attribute - This params object is not based on a program with named parameters.
17:01:21: OGRE EXCEPTION(2:InvalidParametersException): This params object is not based on a program with named parameters. in GpuProgramParameters::getConstantDefinitionIterator at ..\src\OgreGpuProgram.cpp (line 854)
17:01:21: Error in material jaiqua at line 996 of Example.material: Invalid param_named_auto attribute - This params object is not based on a program with named parameters.
17:01:21: Parsing script Ogre.material
17:01:21: Parsing script Examples.compositor
17:01:21: Parsing script sample.fontdef
17:01:21: Finished parsing scripts for resource group General
17:01:21: Parsing scripts for resource group Internal
17:01:21: Finished parsing scripts for resource group Internal
17:01:21: Mesh: Loading ogrehead.mesh.
17:01:21: Texture: WeirdEye.png: Loading 1 faces(PF_R8G8B8,256x256x1) with  hardware generated mipmaps from Image. Internal format is PF_X8R8G8B8,256x256x1.
17:01:21: Texture: GreenSkin.jpg: Loading 1 faces(PF_R8G8B8,256x256x1) with  hardware generated mipmaps from Image. Internal format is PF_X8R8G8B8,256x256x1.
17:01:22: Texture: spheremap.png: Loading 1 faces(PF_R8G8B8,256x256x1) with  hardware generated mipmaps from Image. Internal format is PF_X8R8G8B8,256x256x1.
17:01:22: D3D9 : ***** Dimensions altered by the render system
17:01:22: D3D9 : ***** Source image dimensions : 96x96
17:01:22: D3D9 : ***** Texture dimensions : 128x128
17:01:22: Texture: dirt01.jpg: Loading 1 faces(PF_R8G8B8,96x96x1) with 7 generated mipmaps from Image. Internal format is PF_X8R8G8B8,128x128x1.
17:01:22: Texture: cubescene_fr.jpg: Loading 1 faces(PF_R8G8B8,512x512x1) with  hardware generated mipmaps from Image. Internal format is PF_X8R8G8B8,512x512x1.
17:01:22: Texture: cubescene_bk.jpg: Loading 1 faces(PF_R8G8B8,512x512x1) with  hardware generated mipmaps from Image. Internal format is PF_X8R8G8B8,512x512x1.
17:01:22: Texture: cubescene_lf.jpg: Loading 1 faces(PF_R8G8B8,512x512x1) with  hardware generated mipmaps from Image. Internal format is PF_X8R8G8B8,512x512x1.
17:01:22: Texture: cubescene_rt.jpg: Loading 1 faces(PF_R8G8B8,512x512x1) with  hardware generated mipmaps from Image. Internal format is PF_X8R8G8B8,512x512x1.
17:01:22: Texture: cubescene_up.jpg: Loading 1 faces(PF_R8G8B8,512x512x1) with  hardware generated mipmaps from Image. Internal format is PF_X8R8G8B8,512x512x1.
17:01:22: Texture: cubescene_dn.jpg: Loading 1 faces(PF_R8G8B8,512x512x1) with  hardware generated mipmaps from Image. Internal format is PF_X8R8G8B8,512x512x1.
17:01:22: Texture: flare.png: Loading 1 faces(PF_R8G8B8,256x256x1) with  hardware generated mipmaps from Image. Internal format is PF_X8R8G8B8,256x256x1.
17:01:22: Mesh: Loading fish.mesh.
17:01:22: Skeleton: Loading fish.skeleton
17:01:22: Texture: steelhead.png: Loading 1 faces(PF_R8G8B8,256x256x1) with  hardware generated mipmaps from Image. Internal format is PF_X8R8G8B8,256x256x1.
17:01:22: WARNING: the mesh 'fish.mesh' includes vertices without bone assignments. Those vertices will transform to wrong position when skeletal animation enabled. To eliminate this, assign at least one bone assignment per vertex on your mesh.
17:01:22: Creating viewport on target 'OGRE Render Window', rendering from camera 'PlayerCam', relative dimensions L: 0.00 T: 0.00 W: 1.00 H: 1.00 ZOrder: 0
17:01:22: *** Initializing OIS ***
17:01:23: Mesh: Loading Barrel.mesh.
17:01:23: Texture: RustyBarrel.png: Loading 1 faces(PF_R8G8B8,256x256x1) with  hardware generated mipmaps from Image. Internal format is PF_X8R8G8B8,256x256x1.
17:01:31: Unregistering ResourceManager for type BspLevel
17:01:31: *-*-* OGRE Shutdown
17:01:31: Unregistering ResourceManager for type Compositor
17:01:31: Unregistering ResourceManager for type Font
17:01:31: Unregistering ResourceManager for type Skeleton
17:01:31: Unregistering ResourceManager for type Mesh
17:01:31: Unregistering ResourceManager for type HighLevelGpuProgram
17:01:31: Uninstalling plugin: Cg Program Manager
17:01:31: Plugin successfully uninstalled
17:01:31: Unloading library .\Plugin_CgProgramManager
17:01:31: Uninstalling plugin: Octree & Terrain Scene Manager
17:01:31: Plugin successfully uninstalled
17:01:31: Unloading library .\Plugin_OctreeSceneManager
17:01:31: Uninstalling plugin: BSP Scene Manager
17:01:31: Plugin successfully uninstalled
17:01:31: Unloading library .\Plugin_BSPSceneManager
17:01:31: Uninstalling plugin: ParticleFX
17:01:31: Plugin successfully uninstalled
17:01:31: Unloading library .\Plugin_ParticleFX
17:01:31: Uninstalling plugin: GL RenderSystem
17:01:31: *** Stopping Win32GL Subsystem ***
17:01:31: Plugin successfully uninstalled
17:01:31: Unloading library .\RenderSystem_GL
17:01:31: Uninstalling plugin: D3D9 RenderSystem
17:01:32: Render Target 'OGRE Render Window' Average FPS: 59.9109 Best FPS: 62.9371 Worst FPS: 2.32831e-007
17:01:33: D3D9 : Shutting down cleanly.
17:01:33: Unregistering ResourceManager for type Texture
17:01:33: Unregistering ResourceManager for type GpuProgram
17:01:33: D3D9 : Direct3D9 Rendering Subsystem destroyed.
17:01:33: Plugin successfully uninstalled
17:01:33: Unloading library .\RenderSystem_Direct3D9
17:01:33: Unregistering ResourceManager for type Material
