16:52:51: Creating resource group General
16:52:51: Creating resource group Internal
16:52:51: Creating resource group Autodetect
16:52:51: SceneManagerFactory for type 'DefaultSceneManager' registered.
16:52:51: Registering ResourceManager for type Material
16:52:51: Registering ResourceManager for type Mesh
16:52:51: Registering ResourceManager for type Skeleton
16:52:51: MovableObjectFactory for type 'ParticleSystem' registered.
16:52:51: OverlayElementFactory for type Panel registered.
16:52:51: OverlayElementFactory for type BorderPanel registered.
16:52:51: OverlayElementFactory for type TextArea registered.
16:52:51: Registering ResourceManager for type Font
16:52:51: ArchiveFactory for archive type FileSystem registered.
16:52:51: ArchiveFactory for archive type Zip registered.
16:52:51: FreeImage version: 3.9.2
16:52:51: This program uses FreeImage, a free, open source image library supporting all common bitmap formats. See http://freeimage.sourceforge.net for details
16:52:51: Supported formats: bmp,ico,jpg,jif,jpeg,jpe,jng,koa,iff,lbm,mng,pbm,pbm,pcd,pcx,pgm,pgm,png,ppm,ppm,ras,tga,targa,tif,tiff,wap,wbmp,wbm,psd,cut,xbm,xpm,gif,hdr,g3,sgi
16:52:51: DDS codec registering
16:52:51: Registering ResourceManager for type HighLevelGpuProgram
16:52:51: Registering ResourceManager for type Compositor
16:52:51: MovableObjectFactory for type 'Entity' registered.
16:52:51: MovableObjectFactory for type 'Light' registered.
16:52:51: MovableObjectFactory for type 'BillboardSet' registered.
16:52:51: MovableObjectFactory for type 'ManualObject' registered.
16:52:51: MovableObjectFactory for type 'BillboardChain' registered.
16:52:51: MovableObjectFactory for type 'RibbonTrail' registered.
16:52:51: Loading library .\RenderSystem_Direct3D9_d
16:52:51: Installing plugin: D3D9 RenderSystem
16:52:51: D3D9 : Direct3D9 Rendering Subsystem created.
16:52:51: D3D9: Driver Detection Starts
16:52:51: D3D9: Driver Detection Ends
16:52:51: Plugin successfully installed
16:52:51: Loading library .\RenderSystem_GL_d
16:52:51: Installing plugin: GL RenderSystem
16:52:51: OpenGL Rendering Subsystem created.
16:52:51: Plugin successfully installed
16:52:51: Loading library .\Plugin_ParticleFX_d
16:52:51: Installing plugin: ParticleFX
16:52:51: Particle Emitter Type 'Point' registered
16:52:51: Particle Emitter Type 'Box' registered
16:52:51: Particle Emitter Type 'Ellipsoid' registered
16:52:51: Particle Emitter Type 'Cylinder' registered
16:52:51: Particle Emitter Type 'Ring' registered
16:52:51: Particle Emitter Type 'HollowEllipsoid' registered
16:52:51: Particle Affector Type 'LinearForce' registered
16:52:51: Particle Affector Type 'ColourFader' registered
16:52:51: Particle Affector Type 'ColourFader2' registered
16:52:51: Particle Affector Type 'ColourImage' registered
16:52:51: Particle Affector Type 'ColourInterpolator' registered
16:52:51: Particle Affector Type 'Scaler' registered
16:52:51: Particle Affector Type 'Rotator' registered
16:52:51: Particle Affector Type 'DirectionRandomiser' registered
16:52:51: Particle Affector Type 'DeflectorPlane' registered
16:52:51: Plugin successfully installed
16:52:51: Loading library .\Plugin_BSPSceneManager_d
16:52:52: Installing plugin: BSP Scene Manager
16:52:52: Plugin successfully installed
16:52:52: Loading library .\Plugin_OctreeSceneManager_d
16:52:52: Installing plugin: Octree & Terrain Scene Manager
16:52:52: Plugin successfully installed
16:52:52: Loading library .\Plugin_CgProgramManager_d
16:52:52: Installing plugin: Cg Program Manager
16:52:52: Plugin successfully installed
16:52:52: *-*-* OGRE Initialising
16:52:52: *-*-* Version 1.4.5 (Eihort)
16:52:52: Creating resource group Bootstrap
16:52:52: Added resource location '../../media/packs/OgreCore.zip' of type 'Zip' to resource group 'Bootstrap'
16:52:52: Added resource location '../../media' of type 'FileSystem' to resource group 'General'
16:52:52: Added resource location '../../media/fonts' of type 'FileSystem' to resource group 'General'
16:52:52: Added resource location '../../media/materials/scripts' of type 'FileSystem' to resource group 'General'
16:52:52: Added resource location '../../media/materials/textures' of type 'FileSystem' to resource group 'General'
16:52:52: Added resource location '../../media/models' of type 'FileSystem' to resource group 'General'
16:52:52: Added resource location '../../media/gui' of type 'FileSystem' to resource group 'General'
16:52:52: Added resource location '../../media/packs/cubemap.zip' of type 'Zip' to resource group 'General'
16:52:52: Added resource location '../../media/packs/skybox.zip' of type 'Zip' to resource group 'General'
16:52:52: D3D9 : RenderSystem Option: Allow NVPerfHUD = No
16:52:52: D3D9 : RenderSystem Option: Anti aliasing = Level 4
16:52:52: D3D9 : RenderSystem Option: Floating-point mode = Fastest
16:52:52: D3D9 : RenderSystem Option: Full Screen = No
16:52:52: D3D9 : RenderSystem Option: Rendering Device = ATI Mobility Radeon X1400
16:52:52: D3D9 : RenderSystem Option: VSync = Yes
16:52:52: D3D9 : RenderSystem Option: Video Mode = 1024 x 768 @ 32-bit colour
16:52:52: CPU Identifier & Features
16:52:52: -------------------------
16:52:52:  *   CPU ID: GenuineIntel: Genuine Intel(R) CPU           T2500  @ 2.00GHz
16:52:52:  *      SSE: yes
16:52:52:  *     SSE2: yes
16:52:52:  *     SSE3: yes
16:52:52:  *      MMX: yes
16:52:52:  *   MMXEXT: yes
16:52:52:  *    3DNOW: no
16:52:52:  * 3DNOWEXT: no
16:52:52:  *     CMOV: yes
16:52:52:  *      TSC: yes
16:52:52:  *      FPU: yes
16:52:52:  *      PRO: yes
16:52:52:  *       HT: no
16:52:52: -------------------------
16:52:52: D3D9 : Subsystem Initialising
16:52:52: D3D9RenderSystem::createRenderWindow "OGRE Render Window", 1024x768 windowed  miscParams: FSAA=4 FSAAQuality=0 colourDepth=32 useNVPerfHUD=false vsync=true 
16:52:52: D3D9 : Created D3D9 Rendering Window 'OGRE Render Window' : 1024x768, 32bpp
16:52:52: Registering ResourceManager for type Texture
16:52:52: Registering ResourceManager for type GpuProgram
16:52:52: RenderSystem capabilities
16:52:52: -------------------------
16:52:52:  * Hardware generation of mipmaps: yes
16:52:52:  * Texture blending: yes
16:52:52:  * Anisotropic texture filtering: yes
16:52:52:  * Dot product texture operation: yes
16:52:52:  * Cube mapping: yes
16:52:52:  * Hardware stencil buffer: yes
16:52:52:    - Stencil depth: 8
16:52:52:    - Two sided stencil support: yes
16:52:52:    - Wrap stencil values: yes
16:52:52:  * Hardware vertex / index buffers: yes
16:52:52:  * Vertex programs: yes
16:52:52:    - Max vertex program version: vs_3_0
16:52:52:  * Fragment programs: yes
16:52:52:    - Max fragment program version: ps_3_0
16:52:52:  * Texture Compression: yes
16:52:52:    - DXT: yes
16:52:52:    - VTC: no
16:52:52:  * Scissor Rectangle: yes
16:52:52:  * Hardware Occlusion Query: yes
16:52:52:  * User clip planes: yes
16:52:52:  * VET_UBYTE4 vertex element type: yes
16:52:52:  * Infinite far plane projection: yes
16:52:52:  * Hardware render-to-texture: yes
16:52:52:  * Floating point textures: yes
16:52:52:  * Non-power-of-two textures: yes (limited)
16:52:52:  * Volume textures: yes
16:52:52:  * Multiple Render Targets: 4
16:52:52:  * Point Sprites: yes
16:52:52:  * Extended point parameters: yes
16:52:52:  * Max Point Size: 256
16:52:52:  * Vertex texture fetch: no
16:52:52: ***************************************
16:52:52: *** D3D9 : Subsystem Initialised OK ***
16:52:52: ***************************************
16:52:52: ResourceBackgroundQueue - threading disabled
16:52:52: Particle Renderer Type 'billboard' registered
16:52:52: SceneManagerFactory for type 'BspSceneManager' registered.
16:52:52: Registering ResourceManager for type BspLevel
16:52:52: SceneManagerFactory for type 'OctreeSceneManager' registered.
16:52:52: SceneManagerFactory for type 'TerrainSceneManager' registered.
16:52:52: Parsing scripts for resource group Autodetect
16:52:52: Finished parsing scripts for resource group Autodetect
16:52:52: Parsing scripts for resource group Bootstrap
16:52:52: Parsing script OgreCore.material
16:52:52: Parsing script OgreProfiler.material
16:52:52: Parsing script Ogre.fontdef
16:52:52: Parsing script OgreDebugPanel.overlay
16:52:52: Texture: New_Ogre_Border_Center.png: Loading 1 faces(PF_A8R8G8B8,256x128x1) with  hardware generated mipmaps from Image. Internal format is PF_A8R8G8B8,256x128x1.
16:52:52: Texture: New_Ogre_Border.png: Loading 1 faces(PF_A8R8G8B8,256x256x1) with  hardware generated mipmaps from Image. Internal format is PF_A8R8G8B8,256x256x1.
16:52:52: Texture: New_Ogre_Border_Break.png: Loading 1 faces(PF_A8R8G8B8,32x32x1) with  hardware generated mipmaps from Image. Internal format is PF_A8R8G8B8,32x32x1.
16:52:52: Font BlueHighwayusing texture size 512x512
16:52:52: Info: Freetype returned null for character 127 in font BlueHighway
16:52:52: Info: Freetype returned null for character 128 in font BlueHighway
16:52:52: Info: Freetype returned null for character 129 in font BlueHighway
16:52:52: Info: Freetype returned null for character 130 in font BlueHighway
16:52:52: Info: Freetype returned null for character 131 in font BlueHighway
16:52:52: Info: Freetype returned null for character 132 in font BlueHighway
16:52:52: Info: Freetype returned null for character 133 in font BlueHighway
16:52:52: Info: Freetype returned null for character 134 in font BlueHighway
16:52:52: Info: Freetype returned null for character 135 in font BlueHighway
16:52:52: Info: Freetype returned null for character 136 in font BlueHighway
16:52:52: Info: Freetype returned null for character 137 in font BlueHighway
16:52:52: Info: Freetype returned null for character 138 in font BlueHighway
16:52:52: Info: Freetype returned null for character 139 in font BlueHighway
16:52:52: Info: Freetype returned null for character 140 in font BlueHighway
16:52:52: Info: Freetype returned null for character 141 in font BlueHighway
16:52:52: Info: Freetype returned null for character 142 in font BlueHighway
16:52:52: Info: Freetype returned null for character 143 in font BlueHighway
16:52:52: Info: Freetype returned null for character 144 in font BlueHighway
16:52:52: Info: Freetype returned null for character 145 in font BlueHighway
16:52:52: Info: Freetype returned null for character 146 in font BlueHighway
16:52:52: Info: Freetype returned null for character 147 in font BlueHighway
16:52:52: Info: Freetype returned null for character 148 in font BlueHighway
16:52:52: Info: Freetype returned null for character 149 in font BlueHighway
16:52:52: Info: Freetype returned null for character 150 in font BlueHighway
16:52:52: Info: Freetype returned null for character 151 in font BlueHighway
16:52:52: Info: Freetype returned null for character 152 in font BlueHighway
16:52:52: Info: Freetype returned null for character 153 in font BlueHighway
16:52:52: Info: Freetype returned null for character 154 in font BlueHighway
16:52:52: Info: Freetype returned null for character 155 in font BlueHighway
16:52:52: Info: Freetype returned null for character 156 in font BlueHighway
16:52:52: Info: Freetype returned null for character 157 in font BlueHighway
16:52:52: Info: Freetype returned null for character 158 in font BlueHighway
16:52:52: Info: Freetype returned null for character 159 in font BlueHighway
16:52:52: Info: Freetype returned null for character 160 in font BlueHighway
16:52:52: Texture: BlueHighwayTexture: Loading 1 faces(PF_BYTE_LA,512x512x1) with 0 generated mipmaps from Image. Internal format is PF_BYTE_LA,512x512x1.
16:52:52: Texture: ogretext.png: Loading 1 faces(PF_A8R8G8B8,256x128x1) with  hardware generated mipmaps from Image. Internal format is PF_A8R8G8B8,256x128x1.
16:52:52: Parsing script OgreLoadingPanel.overlay
16:52:52: Finished parsing scripts for resource group Bootstrap
16:52:52: Parsing scripts for resource group General
16:52:52: Parsing script Examples.program
16:52:52: OGRE EXCEPTION(6:FileNotFoundException): Cannot locate resource Example_Basic.cg in resource group General or any other group. in ResourceGroupManager::openResource at d:\eth\orxonox\ogre-win32-v1-4-5\ogremain\src\ogreresourcegroupmanager.cpp (line 604)
16:52:52: High-level program Ogre/BasicVertexPrograms/AmbientOneTexture encountered an error during loading and is thus not supported.
OGRE EXCEPTION(6:FileNotFoundException): Cannot locate resource Example_Basic.cg in resource group General or any other group. in ResourceGroupManager::openResource at d:\eth\orxonox\ogre-win32-v1-4-5\ogremain\src\ogreresourcegroupmanager.cpp (line 604)
16:52:52: OGRE EXCEPTION(6:FileNotFoundException): Cannot locate resource Example_Basic.hlsl in resource group General or any other group. in ResourceGroupManager::openResource at d:\eth\orxonox\ogre-win32-v1-4-5\ogremain\src\ogreresourcegroupmanager.cpp (line 604)
16:52:52: High-level program Ogre/BasicVertexPrograms/AmbientOneTextureHLSL encountered an error during loading and is thus not supported.
OGRE EXCEPTION(6:FileNotFoundException): Cannot locate resource Example_Basic.hlsl in resource group General or any other group. in ResourceGroupManager::openResource at d:\eth\orxonox\ogre-win32-v1-4-5\ogremain\src\ogreresourcegroupmanager.cpp (line 604)
16:52:52: OGRE EXCEPTION(6:FileNotFoundException): Cannot locate resource Example_Basic.cg in resource group General or any other group. in ResourceGroupManager::openResource at d:\eth\orxonox\ogre-win32-v1-4-5\ogremain\src\ogreresourcegroupmanager.cpp (line 604)
16:52:52: High-level program Ogre/HardwareSkinningTwoWeightsCg encountered an error during loading and is thus not supported.
OGRE EXCEPTION(6:FileNotFoundException): Cannot locate resource Example_Basic.cg in resource group General or any other group. in ResourceGroupManager::openResource at d:\eth\orxonox\ogre-win32-v1-4-5\ogremain\src\ogreresourcegroupmanager.cpp (line 604)
16:52:52: OGRE EXCEPTION(2:InvalidParametersException): This params object is not based on a program with named parameters. in GpuProgramParameters::getConstantDefinitionIterator at d:\eth\orxonox\ogre-win32-v1-4-5\ogremain\src\ogregpuprogram.cpp (line 854)
16:52:52: Error at line 118 of Examples.program: Invalid param_named_auto attribute - This params object is not based on a program with named parameters.
16:52:52: OGRE EXCEPTION(2:InvalidParametersException): This params object is not based on a program with named parameters. in GpuProgramParameters::getConstantDefinitionIterator at d:\eth\orxonox\ogre-win32-v1-4-5\ogremain\src\ogregpuprogram.cpp (line 854)
16:52:52: Error at line 118 of Examples.program: Invalid param_named_auto attribute - This params object is not based on a program with named parameters.
16:52:52: OGRE EXCEPTION(2:InvalidParametersException): This params object is not based on a program with named parameters. in GpuProgramParameters::getConstantDefinitionIterator at d:\eth\orxonox\ogre-win32-v1-4-5\ogremain\src\ogregpuprogram.cpp (line 854)
16:52:52: Error at line 118 of Examples.program: Invalid param_named_auto attribute - This params object is not based on a program with named parameters.
16:52:52: OGRE EXCEPTION(2:InvalidParametersException): This params object is not based on a program with named parameters. in GpuProgramParameters::getConstantDefinitionIterator at d:\eth\orxonox\ogre-win32-v1-4-5\ogremain\src\ogregpuprogram.cpp (line 854)
16:52:52: Error at line 118 of Examples.program: Invalid param_named_auto attribute - This params object is not based on a program with named parameters.
16:52:52: OGRE EXCEPTION(2:InvalidParametersException): This params object is not based on a program with named parameters. in GpuProgramParameters::getConstantDefinitionIterator at d:\eth\orxonox\ogre-win32-v1-4-5\ogremain\src\ogregpuprogram.cpp (line 854)
16:52:52: Error at line 118 of Examples.program: Invalid param_named_auto attribute - This params object is not based on a program with named parameters.
16:52:52: OGRE EXCEPTION(2:InvalidParametersException): This params object is not based on a program with named parameters. in GpuProgramParameters::getConstantDefinitionIterator at d:\eth\orxonox\ogre-win32-v1-4-5\ogremain\src\ogregpuprogram.cpp (line 854)
16:52:52: Error at line 118 of Examples.program: Invalid param_named_auto attribute - This params object is not based on a program with named parameters.
16:52:52: OGRE EXCEPTION(6:FileNotFoundException): Cannot locate resource Example_Basic.cg in resource group General or any other group. in ResourceGroupManager::openResource at d:\eth\orxonox\ogre-win32-v1-4-5\ogremain\src\ogreresourcegroupmanager.cpp (line 604)
16:52:52: High-level program Ogre/HardwareMorphAnimation encountered an error during loading and is thus not supported.
OGRE EXCEPTION(6:FileNotFoundException): Cannot locate resource Example_Basic.cg in resource group General or any other group. in ResourceGroupManager::openResource at d:\eth\orxonox\ogre-win32-v1-4-5\ogremain\src\ogreresourcegroupmanager.cpp (line 604)
16:52:52: OGRE EXCEPTION(6:FileNotFoundException): Cannot locate resource Example_Basic.cg in resource group General or any other group. in ResourceGroupManager::openResource at d:\eth\orxonox\ogre-win32-v1-4-5\ogremain\src\ogreresourcegroupmanager.cpp (line 604)
16:52:52: High-level program Ogre/HardwarePoseAnimation encountered an error during loading and is thus not supported.
OGRE EXCEPTION(6:FileNotFoundException): Cannot locate resource Example_Basic.cg in resource group General or any other group. in ResourceGroupManager::openResource at d:\eth\orxonox\ogre-win32-v1-4-5\ogremain\src\ogreresourcegroupmanager.cpp (line 604)
16:52:52: Parsing script Example.material
16:52:52: OGRE EXCEPTION(6:FileNotFoundException): Cannot locate resource hdr.cg in resource group General or any other group. in ResourceGroupManager::openResource at d:\eth\orxonox\ogre-win32-v1-4-5\ogremain\src\ogreresourcegroupmanager.cpp (line 604)
16:52:52: High-level program Examples/MorningSkyBoxHDRfp encountered an error during loading and is thus not supported.
OGRE EXCEPTION(6:FileNotFoundException): Cannot locate resource hdr.cg in resource group General or any other group. in ResourceGroupManager::openResource at d:\eth\orxonox\ogre-win32-v1-4-5\ogremain\src\ogreresourcegroupmanager.cpp (line 604)
16:52:52: OGRE EXCEPTION(6:FileNotFoundException): Cannot locate resource hdr.cg in resource group General or any other group. in ResourceGroupManager::openResource at d:\eth\orxonox\ogre-win32-v1-4-5\ogremain\src\ogreresourcegroupmanager.cpp (line 604)
16:52:52: High-level program Examples/MorningCubeMapHDRfp encountered an error during loading and is thus not supported.
OGRE EXCEPTION(6:FileNotFoundException): Cannot locate resource hdr.cg in resource group General or any other group. in ResourceGroupManager::openResource at d:\eth\orxonox\ogre-win32-v1-4-5\ogremain\src\ogreresourcegroupmanager.cpp (line 604)
16:52:52: OGRE EXCEPTION(6:FileNotFoundException): Cannot locate resource Example_Basic.cg in resource group General or any other group. in ResourceGroupManager::openResource at d:\eth\orxonox\ogre-win32-v1-4-5\ogremain\src\ogreresourcegroupmanager.cpp (line 604)
16:52:52: High-level program Ogre/HardwareSkinningOneWeight encountered an error during loading and is thus not supported.
OGRE EXCEPTION(6:FileNotFoundException): Cannot locate resource Example_Basic.cg in resource group General or any other group. in ResourceGroupManager::openResource at d:\eth\orxonox\ogre-win32-v1-4-5\ogremain\src\ogreresourcegroupmanager.cpp (line 604)
16:52:52: OGRE EXCEPTION(6:FileNotFoundException): Cannot locate resource Example_Basic.cg in resource group General or any other group. in ResourceGroupManager::openResource at d:\eth\orxonox\ogre-win32-v1-4-5\ogremain\src\ogreresourcegroupmanager.cpp (line 604)
16:52:52: High-level program Ogre/HardwareSkinningOneWeightShadowCaster encountered an error during loading and is thus not supported.
OGRE EXCEPTION(6:FileNotFoundException): Cannot locate resource Example_Basic.cg in resource group General or any other group. in ResourceGroupManager::openResource at d:\eth\orxonox\ogre-win32-v1-4-5\ogremain\src\ogreresourcegroupmanager.cpp (line 604)
16:52:52: OGRE EXCEPTION(6:FileNotFoundException): Cannot locate resource Grass.cg in resource group General or any other group. in ResourceGroupManager::openResource at d:\eth\orxonox\ogre-win32-v1-4-5\ogremain\src\ogreresourcegroupmanager.cpp (line 604)
16:52:52: High-level program Examples/GrassWaverVp encountered an error during loading and is thus not supported.
OGRE EXCEPTION(6:FileNotFoundException): Cannot locate resource Grass.cg in resource group General or any other group. in ResourceGroupManager::openResource at d:\eth\orxonox\ogre-win32-v1-4-5\ogremain\src\ogreresourcegroupmanager.cpp (line 604)
16:52:52: OGRE EXCEPTION(6:FileNotFoundException): Cannot locate resource Example_Basic.cg in resource group General or any other group. in ResourceGroupManager::openResource at d:\eth\orxonox\ogre-win32-v1-4-5\ogremain\src\ogreresourcegroupmanager.cpp (line 604)
16:52:52: High-level program Ogre/HardwareSkinningTwoWeightsShadowCasterCg encountered an error during loading and is thus not supported.
OGRE EXCEPTION(6:FileNotFoundException): Cannot locate resource Example_Basic.cg in resource group General or any other group. in ResourceGroupManager::openResource at d:\eth\orxonox\ogre-win32-v1-4-5\ogremain\src\ogreresourcegroupmanager.cpp (line 604)
16:52:52: OGRE EXCEPTION(2:InvalidParametersException): This params object is not based on a program with named parameters. in GpuProgramParameters::getConstantDefinitionIterator at d:\eth\orxonox\ogre-win32-v1-4-5\ogremain\src\ogregpuprogram.cpp (line 854)
16:52:52: Error in material jaiqua at line 994 of Example.material: Invalid param_named_auto attribute - This params object is not based on a program with named parameters.
16:52:52: OGRE EXCEPTION(2:InvalidParametersException): This params object is not based on a program with named parameters. in GpuProgramParameters::getConstantDefinitionIterator at d:\eth\orxonox\ogre-win32-v1-4-5\ogremain\src\ogregpuprogram.cpp (line 854)
16:52:52: Error in material jaiqua at line 995 of Example.material: Invalid param_named_auto attribute - This params object is not based on a program with named parameters.
16:52:52: OGRE EXCEPTION(2:InvalidParametersException): This params object is not based on a program with named parameters. in GpuProgramParameters::getConstantDefinitionIterator at d:\eth\orxonox\ogre-win32-v1-4-5\ogremain\src\ogregpuprogram.cpp (line 854)
16:52:52: Error in material jaiqua at line 996 of Example.material: Invalid param_named_auto attribute - This params object is not based on a program with named parameters.
16:52:52: Parsing script Ogre.material
16:52:52: Parsing script Examples.compositor
16:52:52: Parsing script sample.fontdef
16:52:52: Finished parsing scripts for resource group General
16:52:52: Parsing scripts for resource group Internal
16:52:52: Finished parsing scripts for resource group Internal
16:52:52: Mesh: Loading ogrehead.mesh.
16:52:52: Texture: WeirdEye.png: Loading 1 faces(PF_R8G8B8,256x256x1) with  hardware generated mipmaps from Image. Internal format is PF_X8R8G8B8,256x256x1.
16:52:53: Texture: GreenSkin.jpg: Loading 1 faces(PF_R8G8B8,256x256x1) with  hardware generated mipmaps from Image. Internal format is PF_X8R8G8B8,256x256x1.
16:52:53: Texture: spheremap.png: Loading 1 faces(PF_R8G8B8,256x256x1) with  hardware generated mipmaps from Image. Internal format is PF_X8R8G8B8,256x256x1.
16:52:53: D3D9 : ***** Dimensions altered by the render system
16:52:53: D3D9 : ***** Source image dimensions : 96x96
16:52:53: D3D9 : ***** Texture dimensions : 128x128
16:52:53: Texture: dirt01.jpg: Loading 1 faces(PF_R8G8B8,96x96x1) with 7 generated mipmaps from Image. Internal format is PF_X8R8G8B8,128x128x1.
16:52:53: Texture: cubescene_fr.jpg: Loading 1 faces(PF_R8G8B8,512x512x1) with  hardware generated mipmaps from Image. Internal format is PF_X8R8G8B8,512x512x1.
16:52:53: Texture: cubescene_bk.jpg: Loading 1 faces(PF_R8G8B8,512x512x1) with  hardware generated mipmaps from Image. Internal format is PF_X8R8G8B8,512x512x1.
16:52:53: Texture: cubescene_lf.jpg: Loading 1 faces(PF_R8G8B8,512x512x1) with  hardware generated mipmaps from Image. Internal format is PF_X8R8G8B8,512x512x1.
16:52:53: Texture: cubescene_rt.jpg: Loading 1 faces(PF_R8G8B8,512x512x1) with  hardware generated mipmaps from Image. Internal format is PF_X8R8G8B8,512x512x1.
16:52:53: Texture: cubescene_up.jpg: Loading 1 faces(PF_R8G8B8,512x512x1) with  hardware generated mipmaps from Image. Internal format is PF_X8R8G8B8,512x512x1.
16:52:53: Texture: cubescene_dn.jpg: Loading 1 faces(PF_R8G8B8,512x512x1) with  hardware generated mipmaps from Image. Internal format is PF_X8R8G8B8,512x512x1.
16:52:53: Texture: flare.png: Loading 1 faces(PF_R8G8B8,256x256x1) with  hardware generated mipmaps from Image. Internal format is PF_X8R8G8B8,256x256x1.
16:52:53: Mesh: Loading fish.mesh.
16:52:53: Skeleton: Loading fish.skeleton
16:52:53: Texture: steelhead.png: Loading 1 faces(PF_R8G8B8,256x256x1) with  hardware generated mipmaps from Image. Internal format is PF_X8R8G8B8,256x256x1.
16:52:53: WARNING: the mesh 'fish.mesh' includes vertices without bone assignments. Those vertices will transform to wrong position when skeletal animation enabled. To eliminate this, assign at least one bone assignment per vertex on your mesh.
16:52:53: Creating viewport on target 'OGRE Render Window', rendering from camera 'PlayerCam', relative dimensions L: 0.00 T: 0.00 W: 1.00 H: 1.00 ZOrder: 0
16:52:53: *** Initializing OIS ***
16:54:36: Mesh: Loading Barrel.mesh.
16:54:36: Texture: RustyBarrel.png: Loading 1 faces(PF_R8G8B8,256x256x1) with  hardware generated mipmaps from Image. Internal format is PF_X8R8G8B8,256x256x1.
16:54:58: Unregistering ResourceManager for type BspLevel
16:54:58: *-*-* OGRE Shutdown
16:54:58: Unregistering ResourceManager for type Compositor
16:54:58: Unregistering ResourceManager for type Font
16:54:58: Unregistering ResourceManager for type Skeleton
16:54:58: Unregistering ResourceManager for type Mesh
16:54:58: Unregistering ResourceManager for type HighLevelGpuProgram
16:54:58: Uninstalling plugin: Cg Program Manager
16:54:58: Plugin successfully uninstalled
16:54:58: Unloading library .\Plugin_CgProgramManager_d
16:54:58: Uninstalling plugin: Octree & Terrain Scene Manager
16:54:58: Plugin successfully uninstalled
16:54:58: Unloading library .\Plugin_OctreeSceneManager_d
16:54:58: Uninstalling plugin: BSP Scene Manager
16:54:58: Plugin successfully uninstalled
16:54:58: Unloading library .\Plugin_BSPSceneManager_d
16:54:58: Uninstalling plugin: ParticleFX
16:54:58: Plugin successfully uninstalled
16:54:58: Unloading library .\Plugin_ParticleFX_d
16:54:58: Uninstalling plugin: GL RenderSystem
16:54:58: *** Stopping Win32GL Subsystem ***
16:54:58: Plugin successfully uninstalled
16:54:58: Unloading library .\RenderSystem_GL_d
16:54:58: Uninstalling plugin: D3D9 RenderSystem
16:54:58: Render Target 'OGRE Render Window' Average FPS: 29.9978 Best FPS: 60.5159 Worst FPS: 12.8586
16:54:58: D3D9 : Shutting down cleanly.
16:54:58: Unregistering ResourceManager for type Texture
16:54:58: Unregistering ResourceManager for type GpuProgram
16:54:58: D3D9 : Direct3D9 Rendering Subsystem destroyed.
16:54:58: Plugin successfully uninstalled
16:54:58: Unloading library .\RenderSystem_Direct3D9_d
16:54:58: Unregistering ResourceManager for type Material
