14:39:58: Creating resource group General
14:39:58: Creating resource group Internal
14:39:58: Creating resource group Autodetect
14:39:58: SceneManagerFactory for type 'DefaultSceneManager' registered.
14:39:58: Registering ResourceManager for type Material
14:39:58: Registering ResourceManager for type Mesh
14:39:58: Registering ResourceManager for type Skeleton
14:39:58: MovableObjectFactory for type 'ParticleSystem' registered.
14:39:58: OverlayElementFactory for type Panel registered.
14:39:58: OverlayElementFactory for type BorderPanel registered.
14:39:58: OverlayElementFactory for type TextArea registered.
14:39:58: Registering ResourceManager for type Font
14:39:58: ArchiveFactory for archive type FileSystem registered.
14:39:58: ArchiveFactory for archive type Zip registered.
14:39:58: FreeImage version: 3.9.3
14:39:58: This program uses FreeImage, a free, open source image library supporting all common bitmap formats. See http://freeimage.sourceforge.net for details
14:39:58: Supported formats: bmp,ico,jpg,jif,jpeg,jpe,jng,koa,iff,lbm,mng,pbm,pbm,pcd,pcx,pgm,pgm,png,ppm,ppm,ras,tga,targa,tif,tiff,wap,wbmp,wbm,psd,cut,xbm,xpm,gif,hdr,g3,sgi
14:39:58: DDS codec registering
14:39:58: Registering ResourceManager for type HighLevelGpuProgram
14:39:58: Registering ResourceManager for type Compositor
14:39:58: MovableObjectFactory for type 'Entity' registered.
14:39:58: MovableObjectFactory for type 'Light' registered.
14:39:58: MovableObjectFactory for type 'BillboardSet' registered.
14:39:58: MovableObjectFactory for type 'ManualObject' registered.
14:39:58: MovableObjectFactory for type 'BillboardChain' registered.
14:39:58: MovableObjectFactory for type 'RibbonTrail' registered.
14:39:58: OGRE EXCEPTION(6:FileNotFoundException): 'plugins.cfg' file not found! in ConfigFile::load at OgreConfigFile.cpp (line 84)
14:39:58: plugins.cfg not found, automatic plugin loading disabled.
14:39:58: *-*-* OGRE Initialising
14:39:58: *-*-* Version 1.4.5 (Eihort)
14:39:58: OGRE EXCEPTION(6:FileNotFoundException): 'resources.cfg' file not found! in ConfigFile::load at OgreConfigFile.cpp (line 84)
14:39:58: *-*-* OGRE Shutdown
14:39:58: Unregistering ResourceManager for type Compositor
14:39:58: Unregistering ResourceManager for type Font
14:39:58: Unregistering ResourceManager for type Skeleton
14:39:58: Unregistering ResourceManager for type Mesh
14:39:58: Unregistering ResourceManager for type HighLevelGpuProgram
14:39:58: Unregistering ResourceManager for type Material
