19:32:21: Creating resource group General
19:32:21: Creating resource group Internal
19:32:21: Creating resource group Autodetect
19:32:21: SceneManagerFactory for type 'DefaultSceneManager' registered.
19:32:21: Registering ResourceManager for type Material
19:32:21: Registering ResourceManager for type Mesh
19:32:21: Registering ResourceManager for type Skeleton
19:32:21: MovableObjectFactory for type 'ParticleSystem' registered.
19:32:21: OverlayElementFactory for type Panel registered.
19:32:21: OverlayElementFactory for type BorderPanel registered.
19:32:21: OverlayElementFactory for type TextArea registered.
19:32:21: Registering ResourceManager for type Font
19:32:21: ArchiveFactory for archive type FileSystem registered.
19:32:21: ArchiveFactory for archive type Zip registered.
19:32:21: FreeImage version: 3.9.3
19:32:21: This program uses FreeImage, a free, open source image library supporting all common bitmap formats. See http://freeimage.sourceforge.net for details
19:32:21: Supported formats: bmp,ico,jpg,jif,jpeg,jpe,jng,koa,iff,lbm,mng,pbm,pbm,pcd,pcx,pgm,pgm,png,ppm,ppm,ras,tga,targa,tif,tiff,wap,wbmp,wbm,psd,cut,xbm,xpm,gif,hdr,g3,sgi
19:32:21: DDS codec registering
19:32:21: Registering ResourceManager for type HighLevelGpuProgram
19:32:21: Registering ResourceManager for type Compositor
19:32:21: MovableObjectFactory for type 'Entity' registered.
19:32:21: MovableObjectFactory for type 'Light' registered.
19:32:21: MovableObjectFactory for type 'BillboardSet' registered.
19:32:21: MovableObjectFactory for type 'ManualObject' registered.
19:32:21: MovableObjectFactory for type 'BillboardChain' registered.
19:32:21: MovableObjectFactory for type 'RibbonTrail' registered.
19:32:21: Loading library /usr/local/lib/OGRE/RenderSystem_GL
19:32:21: Installing plugin: GL RenderSystem
19:32:21: OpenGL Rendering Subsystem created.
19:32:21: Plugin successfully installed
19:32:21: Loading library /usr/local/lib/OGRE/Plugin_ParticleFX
19:32:21: Installing plugin: ParticleFX
19:32:21: Particle Emitter Type 'Point' registered
19:32:21: Particle Emitter Type 'Box' registered
19:32:21: Particle Emitter Type 'Ellipsoid' registered
19:32:21: Particle Emitter Type 'Cylinder' registered
19:32:21: Particle Emitter Type 'Ring' registered
19:32:21: Particle Emitter Type 'HollowEllipsoid' registered
19:32:21: Particle Affector Type 'LinearForce' registered
19:32:21: Particle Affector Type 'ColourFader' registered
19:32:21: Particle Affector Type 'ColourFader2' registered
19:32:21: Particle Affector Type 'ColourImage' registered
19:32:21: Particle Affector Type 'ColourInterpolator' registered
19:32:21: Particle Affector Type 'Scaler' registered
19:32:21: Particle Affector Type 'Rotator' registered
19:32:21: Particle Affector Type 'DirectionRandomiser' registered
19:32:21: Particle Affector Type 'DeflectorPlane' registered
19:32:21: Plugin successfully installed
19:32:21: Loading library /usr/local/lib/OGRE/Plugin_BSPSceneManager
19:32:21: Installing plugin: BSP Scene Manager
19:32:21: Plugin successfully installed
19:32:21: Loading library /usr/local/lib/OGRE/Plugin_OctreeSceneManager
19:32:21: Installing plugin: Octree & Terrain Scene Manager
19:32:21: Plugin successfully installed
19:32:21: *-*-* OGRE Initialising
19:32:21: *-*-* Version 1.4.6 (Eihort)
19:32:21: OGRE EXCEPTION(6:FileNotFoundException): '../Mduoink/resources.cfg' file not found! in ConfigFile::load at OgreConfigFile.cpp (line 84)
