14:55:18: Creating resource group General
14:55:18: Creating resource group Internal
14:55:18: Creating resource group Autodetect
14:55:18: Registering ResourceManager for type Mesh
14:55:18: Registering ResourceManager for type Material
14:55:18: Registering ResourceManager for type Skeleton
14:55:18: XMLMeshSerializer reading mesh data from /home/mentzerf/Downloads/tower3/Tower.mesh.xml...
14:55:18: Reading submeshes...
14:55:18: Reading geometry...
14:55:18: Geometry done...
14:55:18: Submeshes done.
14:55:18: XMLMeshSerializer import successful.
14:55:18: Reorganising vertex buffers to automatic layout..
14:55:18: MeshSerializer writing mesh data to /home/mentzerf/Downloads/tower3/Tower.mesh...
14:55:18: File header written.
14:55:18: Writing mesh data...
14:55:18: Writing submesh...
14:55:18: Exporting submesh texture aliases...
14:55:18: Submesh texture aliases exported.
14:55:18: Submesh exported.
14:55:18: Exporting bounds information....
14:55:18: Bounds information exported.
14:55:18: Exporting submesh name table...
14:55:18: Submesh name table exported.
14:55:18: Exporting edge lists...
14:55:18: Edge lists exported
14:55:18: Mesh data exported.
14:55:18: MeshSerializer export successful.
14:55:18: Unregistering ResourceManager for type Skeleton
14:55:18: Unregistering ResourceManager for type Material
14:55:18: Unregistering ResourceManager for type Mesh
