14:45:03: Creating resource group General
14:45:03: Creating resource group Internal
14:45:03: Creating resource group Autodetect
14:45:03: Registering ResourceManager for type Mesh
14:45:03: Registering ResourceManager for type Material
14:45:03: Registering ResourceManager for type Skeleton
14:45:03: XMLMeshSerializer reading mesh data from /home/mentzerf/Downloads/tower/Tower.mesh.xml...
14:45:03: Reading submeshes...
14:45:03: Reading geometry...
14:45:03: Geometry done...
14:45:03: Submeshes done.
14:45:03: XMLMeshSerializer import successful.
14:45:03: Reorganising vertex buffers to automatic layout..
14:45:03: MeshSerializer writing mesh data to /home/mentzerf/Downloads/tower/Tower.mesh...
14:45:03: File header written.
14:45:03: Writing mesh data...
14:45:03: Writing submesh...
14:45:03: Exporting submesh texture aliases...
14:45:03: Submesh texture aliases exported.
14:45:03: Submesh exported.
14:45:03: Exporting bounds information....
14:45:03: Bounds information exported.
14:45:03: Exporting submesh name table...
14:45:03: Submesh name table exported.
14:45:03: Exporting edge lists...
14:45:03: Edge lists exported
14:45:03: Mesh data exported.
14:45:03: MeshSerializer export successful.
14:45:03: Unregistering ResourceManager for type Skeleton
14:45:03: Unregistering ResourceManager for type Material
14:45:03: Unregistering ResourceManager for type Mesh
