15:38:46: Creating resource group General
15:38:46: Creating resource group Internal
15:38:46: Creating resource group Autodetect
15:38:46: Registering ResourceManager for type Mesh
15:38:46: Registering ResourceManager for type Material
15:38:46: Registering ResourceManager for type Skeleton
15:38:46: XMLMeshSerializer reading mesh data from /home/mentzerf/mentzerf-extra-0/newlevel2012/src/modules/towerdefense/Spielfeld Blender/Playfield_ME.mesh.xml...
15:38:46: Reading submeshes...
15:38:46: Reading geometry...
15:38:46: Geometry done...
15:38:46: Submeshes done.
15:38:46: XMLMeshSerializer import successful.
15:38:46: Reorganising vertex buffers to automatic layout..
15:38:46: MeshSerializer writing mesh data to /home/mentzerf/mentzerf-extra-0/newlevel2012/src/modules/towerdefense/Spielfeld Blender/Playfield_ME.mesh...
15:38:46: File header written.
15:38:46: Writing mesh data...
15:38:46: Writing submesh...
15:38:46: Exporting submesh texture aliases...
15:38:46: Submesh texture aliases exported.
15:38:46: Submesh exported.
15:38:46: Exporting bounds information....
15:38:46: Bounds information exported.
15:38:46: Exporting submesh name table...
15:38:46: Submesh name table exported.
15:38:46: Exporting edge lists...
15:38:46: Edge lists exported
15:38:46: Mesh data exported.
15:38:46: MeshSerializer export successful.
15:38:46: Unregistering ResourceManager for type Skeleton
15:38:46: Unregistering ResourceManager for type Material
15:38:46: Unregistering ResourceManager for type Mesh
