15:20:52: Creating resource group General
15:20:52: Creating resource group Internal
15:20:52: Creating resource group Autodetect
15:20:52: SceneManagerFactory for type 'DefaultSceneManager' registered.
15:20:52: Registering ResourceManager for type Material
15:20:52: Registering ResourceManager for type Mesh
15:20:52: Registering ResourceManager for type Skeleton
15:20:52: MovableObjectFactory for type 'ParticleSystem' registered.
15:20:52: OverlayElementFactory for type Panel registered.
15:20:52: OverlayElementFactory for type BorderPanel registered.
15:20:52: OverlayElementFactory for type TextArea registered.
15:20:52: Registering ResourceManager for type Font
15:20:52: ArchiveFactory for archive type FileSystem registered.
15:20:52: ArchiveFactory for archive type Zip registered.
15:20:52: FreeImage version: 3.9.3
15:20:52: This program uses FreeImage, a free, open source image library supporting all common bitmap formats. See http://freeimage.sourceforge.net for details
15:20:52: Supported formats: bmp,ico,jpg,jif,jpeg,jpe,jng,koa,iff,lbm,mng,pbm,pbm,pcd,pcx,pgm,pgm,png,ppm,ppm,ras,tga,targa,tif,tiff,wap,wbmp,wbm,psd,cut,xbm,xpm,gif,hdr,g3,sgi
15:20:52: DDS codec registering
15:20:52: Registering ResourceManager for type HighLevelGpuProgram
15:20:52: Registering ResourceManager for type Compositor
15:20:52: MovableObjectFactory for type 'Entity' registered.
15:20:52: MovableObjectFactory for type 'Light' registered.
15:20:52: MovableObjectFactory for type 'BillboardSet' registered.
15:20:52: MovableObjectFactory for type 'ManualObject' registered.
15:20:52: MovableObjectFactory for type 'BillboardChain' registered.
15:20:52: MovableObjectFactory for type 'RibbonTrail' registered.
15:20:52: OGRE EXCEPTION(6:FileNotFoundException): 'plugins.cfg' file not found! in ConfigFile::load at OgreConfigFile.cpp (line 84)
15:20:52: plugins.cfg not found, automatic plugin loading disabled.
15:20:52: *-*-* OGRE Initialising
15:20:52: *-*-* Version 1.4.5 (Eihort)
15:20:52: OGRE EXCEPTION(6:FileNotFoundException): 'resources.cfg' file not found! in ConfigFile::load at OgreConfigFile.cpp (line 84)
15:20:52: *-*-* OGRE Shutdown
15:20:52: Unregistering ResourceManager for type Compositor
15:20:52: Unregistering ResourceManager for type Font
15:20:52: Unregistering ResourceManager for type Skeleton
15:20:52: Unregistering ResourceManager for type Mesh
15:20:52: Unregistering ResourceManager for type HighLevelGpuProgram
15:20:52: Unregistering ResourceManager for type Material
